build 2/geolocator_android/intermediates/manifest_merge_blame_file/debug/manifest-merger-blame-debug-report.txt
1<?xml version="1.0" encoding="utf-8"?>
2<manifest xmlns:android="http://schemas.android.com/apk/res/android"
3    package="com.baseflow.geolocator" >
4
5    <uses-sdk
6        android:minSdkVersion="16"
6-->src/main/AndroidManifest.xml
7        android:targetSdkVersion="16" />
7-->src/main/AndroidManifest.xml
8
9    <uses-permission android:name="android.permission.FOREGROUND_SERVICE" />
9-->src/main/AndroidManifest.xml:4:5-76
9-->src/main/AndroidManifest.xml:4:22-74
10
11    <application>
11-->src/main/AndroidManifest.xml:6:5-12:19
12        <service
12-->src/main/AndroidManifest.xml:7:9-11:60
13            android:name="com.baseflow.geolocator.GeolocatorLocationService"
13-->src/main/AndroidManifest.xml:11:17-58
14            android:enabled="true"
14-->src/main/AndroidManifest.xml:8:17-39
15            android:exported="false"
15-->src/main/AndroidManifest.xml:9:17-41
16            android:foregroundServiceType="location" />
16-->src/main/AndroidManifest.xml:10:17-57
17    </application>
18
19</manifest>